[     134ms] [INFO] %cDownload the React DevTools for a better development experience: https://react.dev/link/react-devtools font-weight:bold @ http://localhost:3000/_next/static/chunks/node_modules_next_dist_1ybzpk2._.js:2477
[     153ms] [LOG] [HMR] connected @ http://localhost:3000/_next/static/chunks/node_modules_next_dist_1ybzpk2._.js:2477
[   65958ms] [ERROR] WebSocket connection to 'ws://localhost:3000/_next/webpack-hmr?id=eJE6lVCEjuZNrz8EpIEMC' failed: Error in connection establishment: net::ERR_CONNECTION_REFUSED @ http://localhost:3000/_next/static/chunks/node_modules_next_dist_client_0r5nbpw._.js:13422
[   66959ms] [ERROR] WebSocket connection to 'ws://localhost:3000/_next/webpack-hmr?id=eJE6lVCEjuZNrz8EpIEMC' failed: Error in connection establishment: net::ERR_CONNECTION_REFUSED @ http://localhost:3000/_next/static/chunks/node_modules_next_dist_client_0r5nbpw._.js:13422
[   67960ms] [ERROR] WebSocket connection to 'ws://localhost:3000/_next/webpack-hmr?id=eJE6lVCEjuZNrz8EpIEMC' failed: Error in connection establishment: net::ERR_CONNECTION_REFUSED @ http://localhost:3000/_next/static/chunks/node_modules_next_dist_client_0r5nbpw._.js:13422
[   68962ms] [ERROR] WebSocket connection to 'ws://localhost:3000/_next/webpack-hmr?id=eJE6lVCEjuZNrz8EpIEMC' failed: Error in connection establishment: net::ERR_CONNECTION_REFUSED @ http://localhost:3000/_next/static/chunks/node_modules_next_dist_client_0r5nbpw._.js:13422
[   69964ms] [ERROR] WebSocket connection to 'ws://localhost:3000/_next/webpack-hmr?id=eJE6lVCEjuZNrz8EpIEMC' failed: Error in connection establishment: net::ERR_CONNECTION_REFUSED @ http://localhost:3000/_next/static/chunks/node_modules_next_dist_client_0r5nbpw._.js:13422
[   74966ms] [ERROR] WebSocket connection to 'ws://localhost:3000/_next/webpack-hmr?id=eJE6lVCEjuZNrz8EpIEMC' failed: Error in connection establishment: net::ERR_CONNECTION_REFUSED @ http://localhost:3000/_next/static/chunks/node_modules_next_dist_client_0r5nbpw._.js:13422
[   79969ms] [ERROR] WebSocket connection to 'ws://localhost:3000/_next/webpack-hmr?id=eJE6lVCEjuZNrz8EpIEMC' failed: Error in connection establishment: net::ERR_CONNECTION_REFUSED @ http://localhost:3000/_next/static/chunks/node_modules_next_dist_client_0r5nbpw._.js:13422
[   84973ms] [ERROR] WebSocket connection to 'ws://localhost:3000/_next/webpack-hmr?id=eJE6lVCEjuZNrz8EpIEMC' failed: Error in connection establishment: net::ERR_CONNECTION_REFUSED @ http://localhost:3000/_next/static/chunks/node_modules_next_dist_client_0r5nbpw._.js:13422
[   89977ms] [ERROR] WebSocket connection to 'ws://localhost:3000/_next/webpack-hmr?id=eJE6lVCEjuZNrz8EpIEMC' failed: Error in connection establishment: net::ERR_CONNECTION_REFUSED @ http://localhost:3000/_next/static/chunks/node_modules_next_dist_client_0r5nbpw._.js:13422
[   94981ms] [ERROR] WebSocket connection to 'ws://localhost:3000/_next/webpack-hmr?id=eJE6lVCEjuZNrz8EpIEMC' failed: Error in connection establishment: net::ERR_CONNECTION_REFUSED @ http://localhost:3000/_next/static/chunks/node_modules_next_dist_client_0r5nbpw._.js:13422
[   99983ms] [ERROR] WebSocket connection to 'ws://localhost:3000/_next/webpack-hmr?id=eJE6lVCEjuZNrz8EpIEMC' failed: Error in connection establishment: net::ERR_CONNECTION_REFUSED @ http://localhost:3000/_next/static/chunks/node_modules_next_dist_client_0r5nbpw._.js:13422
[  104987ms] [ERROR] WebSocket connection to 'ws://localhost:3000/_next/webpack-hmr?id=eJE6lVCEjuZNrz8EpIEMC' failed: Error in connection establishment: net::ERR_CONNECTION_REFUSED @ http://localhost:3000/_next/static/chunks/node_modules_next_dist_client_0r5nbpw._.js:13422
[  111752ms] [INFO] %cDownload the React DevTools for a better development experience: https://react.dev/link/react-devtools font-weight:bold @ http://localhost:3000/_next/static/chunks/node_modules_next_dist_1ybzpk2._.js:2477
[  111781ms] [LOG] [HMR] connected @ http://localhost:3000/_next/static/chunks/node_modules_next_dist_1ybzpk2._.js:2477
[ 1800134ms] [LOG] [Fast Refresh] rebuilding @ http://localhost:3000/_next/static/chunks/node_modules_next_dist_1ybzpk2._.js:2477
[ 1800700ms] [LOG] [Fast Refresh] done in 665ms @ http://localhost:3000/_next/static/chunks/node_modules_next_dist_1ybzpk2._.js:2477
[ 3715592ms] [ERROR] WebSocket connection to 'ws://localhost:3000/_next/webpack-hmr?id=FIrH2_xYCqMpfM5gvZ89R' failed: Error in connection establishment: net::ERR_CONNECTION_REFUSED @ http://localhost:3000/_next/static/chunks/node_modules_next_dist_client_0r5nbpw._.js:13422
[ 3716594ms] [ERROR] WebSocket connection to 'ws://localhost:3000/_next/webpack-hmr?id=FIrH2_xYCqMpfM5gvZ89R' failed: Error in connection establishment: net::ERR_CONNECTION_REFUSED @ http://localhost:3000/_next/static/chunks/node_modules_next_dist_client_0r5nbpw._.js:13422
[ 3717596ms] [ERROR] WebSocket connection to 'ws://localhost:3000/_next/webpack-hmr?id=FIrH2_xYCqMpfM5gvZ89R' failed: Error in connection establishment: net::ERR_CONNECTION_REFUSED @ http://localhost:3000/_next/static/chunks/node_modules_next_dist_client_0r5nbpw._.js:13422
[ 3718598ms] [ERROR] WebSocket connection to 'ws://localhost:3000/_next/webpack-hmr?id=FIrH2_xYCqMpfM5gvZ89R' failed: Error in connection establishment: net::ERR_CONNECTION_REFUSED @ http://localhost:3000/_next/static/chunks/node_modules_next_dist_client_0r5nbpw._.js:13422
[ 3719601ms] [ERROR] WebSocket connection to 'ws://localhost:3000/_next/webpack-hmr?id=FIrH2_xYCqMpfM5gvZ89R' failed: Error in connection establishment: net::ERR_CONNECTION_REFUSED @ http://localhost:3000/_next/static/chunks/node_modules_next_dist_client_0r5nbpw._.js:13422
[ 3724605ms] [ERROR] WebSocket connection to 'ws://localhost:3000/_next/webpack-hmr?id=FIrH2_xYCqMpfM5gvZ89R' failed: Error in connection establishment: net::ERR_CONNECTION_REFUSED @ http://localhost:3000/_next/static/chunks/node_modules_next_dist_client_0r5nbpw._.js:13422
[ 3729611ms] [ERROR] WebSocket connection to 'ws://localhost:3000/_next/webpack-hmr?id=FIrH2_xYCqMpfM5gvZ89R' failed: Error in connection establishment: net::ERR_CONNECTION_REFUSED @ http://localhost:3000/_next/static/chunks/node_modules_next_dist_client_0r5nbpw._.js:13422
[ 3734621ms] [ERROR] WebSocket connection to 'ws://localhost:3000/_next/webpack-hmr?id=FIrH2_xYCqMpfM5gvZ89R' failed: Error in connection establishment: net::ERR_CONNECTION_REFUSED @ http://localhost:3000/_next/static/chunks/node_modules_next_dist_client_0r5nbpw._.js:13422
[ 3739635ms] [ERROR] WebSocket connection to 'ws://localhost:3000/_next/webpack-hmr?id=FIrH2_xYCqMpfM5gvZ89R' failed: Error in connection establishment: net::ERR_CONNECTION_REFUSED @ http://localhost:3000/_next/static/chunks/node_modules_next_dist_client_0r5nbpw._.js:13422
[ 3744664ms] [ERROR] WebSocket connection to 'ws://localhost:3000/_next/webpack-hmr?id=FIrH2_xYCqMpfM5gvZ89R' failed: Error in connection establishment: net::ERR_CONNECTION_REFUSED @ http://localhost:3000/_next/static/chunks/node_modules_next_dist_client_0r5nbpw._.js:13422
[ 3749735ms] [ERROR] WebSocket connection to 'ws://localhost:3000/_next/webpack-hmr?id=FIrH2_xYCqMpfM5gvZ89R' failed: Error in connection establishment: net::ERR_CONNECTION_REFUSED @ http://localhost:3000/_next/static/chunks/node_modules_next_dist_client_0r5nbpw._.js:13422
[ 3754845ms] [ERROR] WebSocket connection to 'ws://localhost:3000/_next/webpack-hmr?id=FIrH2_xYCqMpfM5gvZ89R' failed: Error in connection establishment: net::ERR_CONNECTION_REFUSED @ http://localhost:3000/_next/static/chunks/node_modules_next_dist_client_0r5nbpw._.js:13422
[ 4151183ms] [INFO] %cDownload the React DevTools for a better development experience: https://react.dev/link/react-devtools font-weight:bold @ http://localhost:3000/_next/static/chunks/node_modules_next_dist_1ybzpk2._.js:2477
[ 4151208ms] [LOG] [HMR] connected @ http://localhost:3000/_next/static/chunks/node_modules_next_dist_1ybzpk2._.js:2477
[ 4191655ms] [LOG] [Fast Refresh] rebuilding @ http://localhost:3000/_next/static/chunks/node_modules_next_dist_1ybzpk2._.js:2477
[ 4191700ms] [LOG] [Fast Refresh] done in 144ms @ http://localhost:3000/_next/static/chunks/node_modules_next_dist_1ybzpk2._.js:2477
